<html>
<body>
<pre>
<h1>Vision Build Log</h1>
<h2>Project:</h2>
D:\金沙滩单片机开发\电子时钟2\lesson19_1\project\lesson19_1.uvproj
Project File Date:  11/19/2013

<h2>Output:</h2>
Build target 'Target 1'
compiling LedBuzzer.c...
..\SOURCE\LEDBUZZER.C(19): error C129: missing ';' before 'code'
Target not created
Build target 'Target 1'
compiling LedBuzzer.c...
..\SOURCE\LEDBUZZER.C(5): error C129: missing ';' before 'code'
Target not created
Build target 'Target 1'
compiling LedBuzzer.c...
..\SOURCE\LEDBUZZER.C(5): error C129: missing ';' before 'code'
Target not created
